[0612/113800.141:ERROR:process_memory_win.cc(73)] ReadMemory at 0x7ff678fa0000 of 64 bytes failed: Only part of a ReadProcessMemory or WriteProcessMemory request was completed. (0x12B)
[0612/113800.407:WARNING:pe_image_reader.cc(340)] could not read dos header from C:\Program Files (x86)\Google\Chrome\Application\chrome.exe
[0612/113800.407:ERROR:process_memory_win.cc(73)] ReadMemory at 0x7ffdf35c0000 of 64 bytes failed: Only part of a ReadProcessMemory or WriteProcessMemory request was completed. (0x12B)
[0612/113800.407:WARNING:pe_image_reader.cc(340)] could not read dos header from C:\Windows\SYSTEM32\ntdll.dll
[0612/113800.407:ERROR:process_memory_win.cc(73)] ReadMemory at 0x7ffdf30f0000 of 64 bytes failed: Only part of a ReadProcessMemory or WriteProcessMemory request was completed. (0x12B)
[0612/113800.407:WARNING:pe_image_reader.cc(340)] could not read dos header from C:\Windows\system32\KERNEL32.DLL
[0612/113800.407:ERROR:process_memory_win.cc(73)] ReadMemory at 0x7ffdf07c0000 of 64 bytes failed: Only part of a ReadProcessMemory or WriteProcessMemory request was completed. (0x12B)
[0612/113800.408:WARNING:pe_image_reader.cc(340)] could not read dos header from C:\Windows\system32\KERNELBASE.dll
[0612/113800.408:ERROR:process_memory_win.cc(73)] ReadMemory at 0x7ffddfef0000 of 64 bytes failed: Only part of a ReadProcessMemory or WriteProcessMemory request was completed. (0x12B)
[0612/113800.408:WARNING:pe_image_reader.cc(340)] could not read dos header from C:\Program Files (x86)\Google\Chrome\Application\83.0.4103.97\chrome_elf.dll
[0612/113800.408:ERROR:process_memory_win.cc(73)] ReadMemory at 0x7ffde9060000 of 64 bytes failed: Only part of a ReadProcessMemory or WriteProcessMemory request was completed. (0x12B)
[0612/113800.408:WARNING:pe_image_reader.cc(340)] could not read dos header from C:\Windows\SYSTEM32\VERSION.dll
[0612/113800.408:ERROR:process_memory_win.cc(73)] ReadMemory at 0x7ffdf0c60000 of 64 bytes failed: Only part of a ReadProcessMemory or WriteProcessMemory request was completed. (0x12B)
[0612/113800.408:WARNING:pe_image_reader.cc(340)] could not read dos header from C:\Windows\system32\msvcrt.dll
[0612/113800.408:ERROR:process_memory_win.cc(73)] ReadMemory at 0x7ffdf0f90000 of 64 bytes failed: Only part of a ReadProcessMemory or WriteProcessMemory request was completed. (0x12B)
[0612/113800.408:WARNING:pe_image_reader.cc(340)] could not read dos header from C:\Windows\system32\ADVAPI32.dll
[0612/113800.408:ERROR:process_memory_win.cc(73)] ReadMemory at 0x7ffdf1680000 of 64 bytes failed: Only part of a ReadProcessMemory or WriteProcessMemory request was completed. (0x12B)
[0612/113800.408:WARNING:pe_image_reader.cc(340)] could not read dos header from C:\Windows\SYSTEM32\sechost.dll
[0612/113800.408:ERROR:process_memory_win.cc(73)] ReadMemory at 0x7ffdf1100000 of 64 bytes failed: Only part of a ReadProcessMemory or WriteProcessMemory request was completed. (0x12B)
[0612/113800.408:WARNING:pe_image_reader.cc(340)] could not read dos header from C:\Windows\system32\RPCRT4.dll
[0612/113800.408:ERROR:process_memory_win.cc(73)] ReadMemory at 0x7ffdf08e0000 of 64 bytes failed: Only part of a ReadProcessMemory or WriteProcessMemory request was completed. (0x12B)
[0612/113800.408:WARNING:pe_image_reader.cc(340)] could not read dos header from C:\Windows\system32\SspiCli.dll
[0612/113800.408:ERROR:process_memory_win.cc(73)] ReadMemory at 0x7ffdce0f0000 of 64 bytes failed: Only part of a ReadProcessMemory or WriteProcessMemory request was completed. (0x12B)
[0612/113800.408:WARNING:pe_image_reader.cc(340)] could not read dos header from C:\Program Files (x86)\Google\Chrome\Application\83.0.4103.97\chrome.dll
[0612/113800.408:ERROR:process_memory_win.cc(73)] ReadMemory at 0x7ffdf2ee0000 of 64 bytes failed: Only part of a ReadProcessMemory or WriteProcessMemory request was completed. (0x12B)
[0612/113800.408:WARNING:pe_image_reader.cc(340)] could not read dos header from C:\Windows\system32\WS2_32.dll
[0612/113800.408:ERROR:process_memory_win.cc(73)] ReadMemory at 0x7ffdee130000 of 64 bytes failed: Only part of a ReadProcessMemory or WriteProcessMemory request was completed. (0x12B)
[0612/113800.408:WARNING:pe_image_reader.cc(340)] could not read dos header from C:\Windows\SYSTEM32\IPHLPAPI.DLL
[0612/113800.408:ERROR:process_memory_win.cc(73)] ReadMemory at 0x7ffdf1590000 of 64 bytes failed: Only part of a ReadProcessMemory or WriteProcessMemory request was completed. (0x12B)
[0612/113800.408:WARNING:pe_image_reader.cc(340)] could not read dos header from C:\Windows\system32\OLEAUT32.dll
[0612/113800.408:ERROR:process_memory_win.cc(73)] ReadMemory at 0x7ffdedf10000 of 64 bytes failed: Only part of a ReadProcessMemory or WriteProcessMemory request was completed. (0x12B)
[0612/113800.408:WARNING:pe_image_reader.cc(340)] could not read dos header from C:\Windows\SYSTEM32\WINMM.dll
[0612/113800.408:ERROR:process_memory_win.cc(73)] ReadMemory at 0x7ffde9610000 of 64 bytes failed: Only part of a ReadProcessMemory or WriteProcessMemory request was completed. (0x12B)
[0612/113800.408:WARNING:pe_image_reader.cc(340)] could not read dos header from C:\Windows\SYSTEM32\Secur32.dll
[0612/113800.408:ERROR:process_memory_win.cc(73)] ReadMemory at 0x7ffdefd20000 of 64 bytes failed: Only part of a ReadProcessMemory or WriteProcessMemory request was completed. (0x12B)
[0612/113800.408:WARNING:pe_image_reader.cc(340)] could not read dos header from C:\Windows\SYSTEM32\USERENV.dll
[0612/113800.408:ERROR:process_memory_win.cc(73)] ReadMemory at 0x7ffdf0a10000 of 64 bytes failed: Only part of a ReadProcessMemory or WriteProcessMemory request was completed. (0x12B)
[0612/113800.408:WARNING:pe_image_reader.cc(340)] could not read dos header from C:\Windows\system32\WINTRUST.dll
[0612/113800.408:ERROR:process_memory_win.cc(73)] ReadMemory at 0x7ffdeae10000 of 64 bytes failed: Only part of a ReadProcessMemory or WriteProcessMemory request was completed. (0x12B)
[0612/113800.408:WARNING:pe_image_reader.cc(340)] could not read dos header from C:\Windows\SYSTEM32\UIAutomationCore.DLL
[0612/113800.408:ERROR:process_memory_win.cc(73)] ReadMemory at 0x7ffdf0a70000 of 64 bytes failed: Only part of a ReadProcessMemory or WriteProcessMemory request was completed. (0x12B)
[0612/113800.409:WARNING:pe_image_reader.cc(340)] could not read dos header from C:\Windows\system32\CRYPT32.dll
[0612/113800.409:ERROR:process_memory_win.cc(73)] ReadMemory at 0x7ffdec250000 of 64 bytes failed: Only part of a ReadProcessMemory or WriteProcessMemory request was completed. (0x12B)
[0612/113800.409:WARNING:pe_image_reader.cc(340)] could not read dos header from C:\Windows\SYSTEM32\DWrite.dll
[0612/113800.409:ERROR:process_memory_win.cc(73)] ReadMemory at 0x7ffde4920000 of 64 bytes failed: Only part of a ReadProcessMemory or WriteProcessMemory request was completed. (0x12B)
[0612/113800.409:WARNING:pe_image_reader.cc(340)] could not read dos header from C:\Windows\SYSTEM32\WINSPOOL.DRV
[0612/113800.409:ERROR:process_memory_win.cc(73)] ReadMemory at 0x7ffde55c0000 of 64 bytes failed: Only part of a ReadProcessMemory or WriteProcessMemory request was completed. (0x12B)
[0612/113800.409:WARNING:pe_image_reader.cc(340)] could not read dos header from C:\Windows\SYSTEM32\dbghelp.dll
[0612/113800.409:ERROR:process_memory_win.cc(73)] ReadMemory at 0x7ffde91a0000 of 64 bytes failed: Only part of a ReadProcessMemory or WriteProcessMemory request was completed. (0x12B)
[0612/113800.409:WARNING:pe_image_reader.cc(340)] could not read dos header from C:\Windows\SYSTEM32\WINHTTP.dll
[0612/113800.409:ERROR:process_memory_win.cc(73)] ReadMemory at 0x7ffdeb4a0000 of 64 bytes failed: Only part of a ReadProcessMemory or WriteProcessMemory request was completed. (0x12B)
[0612/113800.409:WARNING:pe_image_reader.cc(340)] could not read dos header from C:\Windows\SYSTEM32\dhcpcsvc.DLL
[0612/113800.409:ERROR:process_memory_win.cc(73)] ReadMemory at 0x7ffdf0c50000 of 64 bytes failed: Only part of a ReadProcessMemory or WriteProcessMemory request was completed. (0x12B)
[0612/113800.409:WARNING:pe_image_reader.cc(340)] could not read dos header from C:\Windows\system32\NSI.dll
[0612/113800.409:ERROR:process_memory_win.cc(73)] ReadMemory at 0x7ffdee110000 of 64 bytes failed: Only part of a ReadProcessMemory or WriteProcessMemory request was completed. (0x12B)
[0612/113800.409:WARNING:pe_image_reader.cc(340)] could not read dos header from C:\Windows\SYSTEM32\WINNSI.DLL
[0612/113800.409:ERROR:process_memory_win.cc(73)] ReadMemory at 0x7ffdf3240000 of 64 bytes failed: Only part of a ReadProcessMemory or WriteProcessMemory request was completed. (0x12B)
[0612/113800.409:WARNING:pe_image_reader.cc(340)] could not read dos header from C:\Windows\system32\combase.dll
[0612/113800.409:ERROR:process_memory_win.cc(73)] ReadMemory at 0x7ffdec440000 of 64 bytes failed: Only part of a ReadProcessMemory or WriteProcessMemory request was completed. (0x12B)
[0612/113800.409:WARNING:pe_image_reader.cc(340)] could not read dos header from C:\Windows\SYSTEM32\WINMMBASE.dll
[0612/113800.409:ERROR:process_memory_win.cc(73)] ReadMemory at 0x7ffdf2d60000 of 64 bytes failed: Only part of a ReadProcessMemory or WriteProcessMemory request was completed. (0x12B)
[0612/113800.409:WARNING:pe_image_reader.cc(340)] could not read dos header from C:\Windows\system32\USER32.dll
[0612/113800.409:ERROR:process_memory_win.cc(73)] ReadMemory at 0x7ffdf06f0000 of 64 bytes failed: Only part of a ReadProcessMemory or WriteProcessMemory request was completed. (0x12B)
[0612/113800.409:WARNING:pe_image_reader.cc(340)] could not read dos header from C:\Windows\SYSTEM32\profapi.dll
[0612/113800.409:ERROR:process_memory_win.cc(73)] ReadMemory at 0x7ffdf07a0000 of 64 bytes failed: Only part of a ReadProcessMemory or WriteProcessMemory request was completed. (0x12B)
[0612/113800.409:WARNING:pe_image_reader.cc(340)] could not read dos header from C:\Windows\system32\MSASN1.dll
[0612/113800.409:ERROR:process_memory_win.cc(73)] ReadMemory at 0x7ffdf0910000 of 64 bytes failed: Only part of a ReadProcessMemory or WriteProcessMemory request was completed. (0x12B)
[0612/113800.409:WARNING:pe_image_reader.cc(340)] could not read dos header from C:\Windows\SYSTEM32\cfgmgr32.dll
[0612/113800.409:ERROR:process_memory_win.cc(73)] ReadMemory at 0x7ffdef510000 of 64 bytes failed: Only part of a ReadProcessMemory or WriteProcessMemory request was completed. (0x12B)
[0612/113800.409:WARNING:pe_image_reader.cc(340)] could not read dos header from C:\Windows\SYSTEM32\DEVOBJ.dll
[0612/113800.409:ERROR:process_memory_win.cc(73)] ReadMemory at 0x7ffdf2c10000 of 64 bytes failed: Only part of a ReadProcessMemory or WriteProcessMemory request was completed. (0x12B)
[0612/113800.409:WARNING:pe_image_reader.cc(340)] could not read dos header from C:\Windows\system32\GDI32.dll
[0612/113800.409:ERROR:process_memory_win.cc(73)] ReadMemory at 0x7ffdf0ef0000 of 64 bytes failed: Only part of a ReadProcessMemory or WriteProcessMemory request was completed. (0x12B)
[0612/113800.409:WARNING:pe_image_reader.cc(340)] could not read dos header from C:\Windows\system32\IMM32.DLL
[0612/113800.409:ERROR:process_memory_win.cc(73)] ReadMemory at 0x7ffdf3460000 of 64 bytes failed: Only part of a ReadProcessMemory or WriteProcessMemory request was completed. (0x12B)
[0612/113800.409:WARNING:pe_image_reader.cc(340)] could not read dos header from C:\Windows\system32\MSCTF.dll
[0612/113800.409:ERROR:process_memory_win.cc(73)] ReadMemory at 0x7ffdf05c0000 of 64 bytes failed: Only part of a ReadProcessMemory or WriteProcessMemory request was completed. (0x12B)
[0612/113800.409:WARNING:pe_image_reader.cc(340)] could not read dos header from C:\Windows\SYSTEM32\CRYPTBASE.DLL
[0612/113800.410:ERROR:process_memory_win.cc(73)] ReadMemory at 0x7ffdf0550000 of 64 bytes failed: Only part of a ReadProcessMemory or WriteProcessMemory request was completed. (0x12B)
[0612/113800.410:WARNING:pe_image_reader.cc(340)] could not read dos header from C:\Windows\SYSTEM32\bcryptPrimitives.dll
[0612/113800.464:ERROR:process_memory_win.cc(73)] ReadMemory at 0x7ff678fa0000 of 64 bytes failed: Only part of a ReadProcessMemory or WriteProcessMemory request was completed. (0x12B)
[0612/113800.464:WARNING:pe_image_reader.cc(340)] could not read dos header from C:\Program Files (x86)\Google\Chrome\Application\chrome.exe
[0612/113800.464:ERROR:process_memory_win.cc(73)] ReadMemory at 0x7ffdf35c0000 of 64 bytes failed: Only part of a ReadProcessMemory or WriteProcessMemory request was completed. (0x12B)
[0612/113800.465:WARNING:pe_image_reader.cc(340)] could not read dos header from C:\Windows\SYSTEM32\ntdll.dll
[0612/113800.465:ERROR:process_memory_win.cc(73)] ReadMemory at 0x7ffdf30f0000 of 64 bytes failed: Only part of a ReadProcessMemory or WriteProcessMemory request was completed. (0x12B)
[0612/113800.465:WARNING:pe_image_reader.cc(340)] could not read dos header from C:\Windows\system32\KERNEL32.DLL
[0612/113800.465:ERROR:process_memory_win.cc(73)] ReadMemory at 0x7ffdf07c0000 of 64 bytes failed: Only part of a ReadProcessMemory or WriteProcessMemory request was completed. (0x12B)
[0612/113800.465:WARNING:pe_image_reader.cc(340)] could not read dos header from C:\Windows\system32\KERNELBASE.dll
[0612/113800.465:ERROR:process_memory_win.cc(73)] ReadMemory at 0x7ffddfef0000 of 64 bytes failed: Only part of a ReadProcessMemory or WriteProcessMemory request was completed. (0x12B)
[0612/113800.465:WARNING:pe_image_reader.cc(340)] could not read dos header from C:\Program Files (x86)\Google\Chrome\Application\83.0.4103.97\chrome_elf.dll
[0612/113800.465:ERROR:process_memory_win.cc(73)] ReadMemory at 0x7ffde9060000 of 64 bytes failed: Only part of a ReadProcessMemory or WriteProcessMemory request was completed. (0x12B)
[0612/113800.465:WARNING:pe_image_reader.cc(340)] could not read dos header from C:\Windows\SYSTEM32\VERSION.dll
[0612/113800.465:ERROR:process_memory_win.cc(73)] ReadMemory at 0x7ffdf0c60000 of 64 bytes failed: Only part of a ReadProcessMemory or WriteProcessMemory request was completed. (0x12B)
[0612/113800.465:WARNING:pe_image_reader.cc(340)] could not read dos header from C:\Windows\system32\msvcrt.dll
[0612/113800.465:ERROR:process_memory_win.cc(73)] ReadMemory at 0x7ffdf0f90000 of 64 bytes failed: Only part of a ReadProcessMemory or WriteProcessMemory request was completed. (0x12B)
[0612/113800.465:WARNING:pe_image_reader.cc(340)] could not read dos header from C:\Windows\system32\ADVAPI32.dll
[0612/113800.465:ERROR:process_memory_win.cc(73)] ReadMemory at 0x7ffdf1680000 of 64 bytes failed: Only part of a ReadProcessMemory or WriteProcessMemory request was completed. (0x12B)
[0612/113800.465:WARNING:pe_image_reader.cc(340)] could not read dos header from C:\Windows\SYSTEM32\sechost.dll
[0612/113800.465:ERROR:process_memory_win.cc(73)] ReadMemory at 0x7ffdf1100000 of 64 bytes failed: Only part of a ReadProcessMemory or WriteProcessMemory request was completed. (0x12B)
[0612/113800.465:WARNING:pe_image_reader.cc(340)] could not read dos header from C:\Windows\system32\RPCRT4.dll
[0612/113800.465:ERROR:process_memory_win.cc(73)] ReadMemory at 0x7ffdf08e0000 of 64 bytes failed: Only part of a ReadProcessMemory or WriteProcessMemory request was completed. (0x12B)
[0612/113800.465:WARNING:pe_image_reader.cc(340)] could not read dos header from C:\Windows\system32\SspiCli.dll
[0612/113800.465:ERROR:process_memory_win.cc(73)] ReadMemory at 0x7ffdce0f0000 of 64 bytes failed: Only part of a ReadProcessMemory or WriteProcessMemory request was completed. (0x12B)
[0612/113800.465:WARNING:pe_image_reader.cc(340)] could not read dos header from C:\Program Files (x86)\Google\Chrome\Application\83.0.4103.97\chrome.dll
[0612/113800.465:ERROR:process_memory_win.cc(73)] ReadMemory at 0x7ffdf2ee0000 of 64 bytes failed: Only part of a ReadProcessMemory or WriteProcessMemory request was completed. (0x12B)
[0612/113800.465:WARNING:pe_image_reader.cc(340)] could not read dos header from C:\Windows\system32\WS2_32.dll
[0612/113800.465:ERROR:process_memory_win.cc(73)] ReadMemory at 0x7ffdee130000 of 64 bytes failed: Only part of a ReadProcessMemory or WriteProcessMemory request was completed. (0x12B)
[0612/113800.465:WARNING:pe_image_reader.cc(340)] could not read dos header from C:\Windows\SYSTEM32\IPHLPAPI.DLL
[0612/113800.465:ERROR:process_memory_win.cc(73)] ReadMemory at 0x7ffdf1590000 of 64 bytes failed: Only part of a ReadProcessMemory or WriteProcessMemory request was completed. (0x12B)
[0612/113800.465:WARNING:pe_image_reader.cc(340)] could not read dos header from C:\Windows\system32\OLEAUT32.dll
[0612/113800.465:ERROR:process_memory_win.cc(73)] ReadMemory at 0x7ffdedf10000 of 64 bytes failed: Only part of a ReadProcessMemory or WriteProcessMemory request was completed. (0x12B)
[0612/113800.465:WARNING:pe_image_reader.cc(340)] could not read dos header from C:\Windows\SYSTEM32\WINMM.dll
[0612/113800.465:ERROR:process_memory_win.cc(73)] ReadMemory at 0x7ffde9610000 of 64 bytes failed: Only part of a ReadProcessMemory or WriteProcessMemory request was completed. (0x12B)
[0612/113800.465:WARNING:pe_image_reader.cc(340)] could not read dos header from C:\Windows\SYSTEM32\Secur32.dll
[0612/113800.465:ERROR:process_memory_win.cc(73)] ReadMemory at 0x7ffdefd20000 of 64 bytes failed: Only part of a ReadProcessMemory or WriteProcessMemory request was completed. (0x12B)
[0612/113800.465:WARNING:pe_image_reader.cc(340)] could not read dos header from C:\Windows\SYSTEM32\USERENV.dll
[0612/113800.465:ERROR:process_memory_win.cc(73)] ReadMemory at 0x7ffdf0a10000 of 64 bytes failed: Only part of a ReadProcessMemory or WriteProcessMemory request was completed. (0x12B)
[0612/113800.466:WARNING:pe_image_reader.cc(340)] could not read dos header from C:\Windows\system32\WINTRUST.dll
[0612/113800.466:ERROR:process_memory_win.cc(73)] ReadMemory at 0x7ffdeae10000 of 64 bytes failed: Only part of a ReadProcessMemory or WriteProcessMemory request was completed. (0x12B)
[0612/113800.466:WARNING:pe_image_reader.cc(340)] could not read dos header from C:\Windows\SYSTEM32\UIAutomationCore.DLL
[0612/113800.466:ERROR:process_memory_win.cc(73)] ReadMemory at 0x7ffdf0a70000 of 64 bytes failed: Only part of a ReadProcessMemory or WriteProcessMemory request was completed. (0x12B)
[0612/113800.466:WARNING:pe_image_reader.cc(340)] could not read dos header from C:\Windows\system32\CRYPT32.dll
[0612/113800.466:ERROR:process_memory_win.cc(73)] ReadMemory at 0x7ffdec250000 of 64 bytes failed: Only part of a ReadProcessMemory or WriteProcessMemory request was completed. (0x12B)
[0612/113800.466:WARNING:pe_image_reader.cc(340)] could not read dos header from C:\Windows\SYSTEM32\DWrite.dll
[0612/113800.466:ERROR:process_memory_win.cc(73)] ReadMemory at 0x7ffde4920000 of 64 bytes failed: Only part of a ReadProcessMemory or WriteProcessMemory request was completed. (0x12B)
[0612/113800.466:WARNING:pe_image_reader.cc(340)] could not read dos header from C:\Windows\SYSTEM32\WINSPOOL.DRV
[0612/113800.466:ERROR:process_memory_win.cc(73)] ReadMemory at 0x7ffde55c0000 of 64 bytes failed: Only part of a ReadProcessMemory or WriteProcessMemory request was completed. (0x12B)
[0612/113800.466:WARNING:pe_image_reader.cc(340)] could not read dos header from C:\Windows\SYSTEM32\dbghelp.dll
[0612/113800.466:ERROR:process_memory_win.cc(73)] ReadMemory at 0x7ffde91a0000 of 64 bytes failed: Only part of a ReadProcessMemory or WriteProcessMemory request was completed. (0x12B)
[0612/113800.466:WARNING:pe_image_reader.cc(340)] could not read dos header from C:\Windows\SYSTEM32\WINHTTP.dll
[0612/113800.466:ERROR:process_memory_win.cc(73)] ReadMemory at 0x7ffdeb4a0000 of 64 bytes failed: Only part of a ReadProcessMemory or WriteProcessMemory request was completed. (0x12B)
[0612/113800.466:WARNING:pe_image_reader.cc(340)] could not read dos header from C:\Windows\SYSTEM32\dhcpcsvc.DLL
[0612/113800.466:ERROR:process_memory_win.cc(73)] ReadMemory at 0x7ffdf0c50000 of 64 bytes failed: Only part of a ReadProcessMemory or WriteProcessMemory request was completed. (0x12B)
[0612/113800.466:WARNING:pe_image_reader.cc(340)] could not read dos header from C:\Windows\system32\NSI.dll
[0612/113800.466:ERROR:process_memory_win.cc(73)] ReadMemory at 0x7ffdee110000 of 64 bytes failed: Only part of a ReadProcessMemory or WriteProcessMemory request was completed. (0x12B)
[0612/113800.466:WARNING:pe_image_reader.cc(340)] could not read dos header from C:\Windows\SYSTEM32\WINNSI.DLL
[0612/113800.466:ERROR:process_memory_win.cc(73)] ReadMemory at 0x7ffdf3240000 of 64 bytes failed: Only part of a ReadProcessMemory or WriteProcessMemory request was completed. (0x12B)
[0612/113800.466:WARNING:pe_image_reader.cc(340)] could not read dos header from C:\Windows\system32\combase.dll
[0612/113800.466:ERROR:process_memory_win.cc(73)] ReadMemory at 0x7ffdec440000 of 64 bytes failed: Only part of a ReadProcessMemory or WriteProcessMemory request was completed. (0x12B)
[0612/113800.466:WARNING:pe_image_reader.cc(340)] could not read dos header from C:\Windows\SYSTEM32\WINMMBASE.dll
[0612/113800.466:ERROR:process_memory_win.cc(73)] ReadMemory at 0x7ffdf2d60000 of 64 bytes failed: Only part of a ReadProcessMemory or WriteProcessMemory request was completed. (0x12B)
[0612/113800.466:WARNING:pe_image_reader.cc(340)] could not read dos header from C:\Windows\system32\USER32.dll
[0612/113800.466:ERROR:process_memory_win.cc(73)] ReadMemory at 0x7ffdf06f0000 of 64 bytes failed: Only part of a ReadProcessMemory or WriteProcessMemory request was completed. (0x12B)
[0612/113800.466:WARNING:pe_image_reader.cc(340)] could not read dos header from C:\Windows\SYSTEM32\profapi.dll
[0612/113800.466:ERROR:process_memory_win.cc(73)] ReadMemory at 0x7ffdf07a0000 of 64 bytes failed: Only part of a ReadProcessMemory or WriteProcessMemory request was completed. (0x12B)
[0612/113800.466:WARNING:pe_image_reader.cc(340)] could not read dos header from C:\Windows\system32\MSASN1.dll
[0612/113800.466:ERROR:process_memory_win.cc(73)] ReadMemory at 0x7ffdf0910000 of 64 bytes failed: Only part of a ReadProcessMemory or WriteProcessMemory request was completed. (0x12B)
[0612/113800.466:WARNING:pe_image_reader.cc(340)] could not read dos header from C:\Windows\SYSTEM32\cfgmgr32.dll
[0612/113800.466:ERROR:process_memory_win.cc(73)] ReadMemory at 0x7ffdef510000 of 64 bytes failed: Only part of a ReadProcessMemory or WriteProcessMemory request was completed. (0x12B)
[0612/113800.466:WARNING:pe_image_reader.cc(340)] could not read dos header from C:\Windows\SYSTEM32\DEVOBJ.dll
[0612/113800.466:ERROR:process_memory_win.cc(73)] ReadMemory at 0x7ffdf2c10000 of 64 bytes failed: Only part of a ReadProcessMemory or WriteProcessMemory request was completed. (0x12B)
[0612/113800.466:WARNING:pe_image_reader.cc(340)] could not read dos header from C:\Windows\system32\GDI32.dll
[0612/113800.466:ERROR:process_memory_win.cc(73)] ReadMemory at 0x7ffdf0ef0000 of 64 bytes failed: Only part of a ReadProcessMemory or WriteProcessMemory request was completed. (0x12B)
[0612/113800.466:WARNING:pe_image_reader.cc(340)] could not read dos header from C:\Windows\system32\IMM32.DLL
[0612/113800.467:ERROR:process_memory_win.cc(73)] ReadMemory at 0x7ffdf3460000 of 64 bytes failed: Only part of a ReadProcessMemory or WriteProcessMemory request was completed. (0x12B)
[0612/113800.467:WARNING:pe_image_reader.cc(340)] could not read dos header from C:\Windows\system32\MSCTF.dll
[0612/113800.467:ERROR:process_memory_win.cc(73)] ReadMemory at 0x7ffdf05c0000 of 64 bytes failed: Only part of a ReadProcessMemory or WriteProcessMemory request was completed. (0x12B)
[0612/113800.467:WARNING:pe_image_reader.cc(340)] could not read dos header from C:\Windows\SYSTEM32\CRYPTBASE.DLL
[0612/113800.467:ERROR:process_memory_win.cc(73)] ReadMemory at 0x7ffdf0550000 of 64 bytes failed: Only part of a ReadProcessMemory or WriteProcessMemory request was completed. (0x12B)
[0612/113800.467:WARNING:pe_image_reader.cc(340)] could not read dos header from C:\Windows\SYSTEM32\bcryptPrimitives.dll
[0612/113800.467:ERROR:process_memory_win.cc(73)] ReadMemory at 0x7ff678fa0000 of 64 bytes failed: Only part of a ReadProcessMemory or WriteProcessMemory request was completed. (0x12B)
[0612/113800.467:WARNING:pe_image_reader.cc(340)] could not read dos header from C:\Program Files (x86)\Google\Chrome\Application\chrome.exe
[0612/113800.467:ERROR:process_memory_win.cc(73)] ReadMemory at 0x7ffdf35c0000 of 64 bytes failed: Only part of a ReadProcessMemory or WriteProcessMemory request was completed. (0x12B)
[0612/113800.467:WARNING:pe_image_reader.cc(340)] could not read dos header from C:\Windows\SYSTEM32\ntdll.dll
[0612/113800.467:ERROR:process_memory_win.cc(73)] ReadMemory at 0x7ffdf30f0000 of 64 bytes failed: Only part of a ReadProcessMemory or WriteProcessMemory request was completed. (0x12B)
[0612/113800.467:WARNING:pe_image_reader.cc(340)] could not read dos header from C:\Windows\system32\KERNEL32.DLL
[0612/113800.467:ERROR:process_memory_win.cc(73)] ReadMemory at 0x7ffdf07c0000 of 64 bytes failed: Only part of a ReadProcessMemory or WriteProcessMemory request was completed. (0x12B)
[0612/113800.467:WARNING:pe_image_reader.cc(340)] could not read dos header from C:\Windows\system32\KERNELBASE.dll
[0612/113800.467:ERROR:process_memory_win.cc(73)] ReadMemory at 0x7ffddfef0000 of 64 bytes failed: Only part of a ReadProcessMemory or WriteProcessMemory request was completed. (0x12B)
[0612/113800.467:WARNING:pe_image_reader.cc(340)] could not read dos header from C:\Program Files (x86)\Google\Chrome\Application\83.0.4103.97\chrome_elf.dll
[0612/113800.467:ERROR:process_memory_win.cc(73)] ReadMemory at 0x7ffde9060000 of 64 bytes failed: Only part of a ReadProcessMemory or WriteProcessMemory request was completed. (0x12B)
[0612/113800.467:WARNING:pe_image_reader.cc(340)] could not read dos header from C:\Windows\SYSTEM32\VERSION.dll
[0612/113800.467:ERROR:process_memory_win.cc(73)] ReadMemory at 0x7ffdf0c60000 of 64 bytes failed: Only part of a ReadProcessMemory or WriteProcessMemory request was completed. (0x12B)
[0612/113800.467:WARNING:pe_image_reader.cc(340)] could not read dos header from C:\Windows\system32\msvcrt.dll
[0612/113800.467:ERROR:process_memory_win.cc(73)] ReadMemory at 0x7ffdf0f90000 of 64 bytes failed: Only part of a ReadProcessMemory or WriteProcessMemory request was completed. (0x12B)
[0612/113800.467:WARNING:pe_image_reader.cc(340)] could not read dos header from C:\Windows\system32\ADVAPI32.dll
[0612/113800.467:ERROR:process_memory_win.cc(73)] ReadMemory at 0x7ffdf1680000 of 64 bytes failed: Only part of a ReadProcessMemory or WriteProcessMemory request was completed. (0x12B)
[0612/113800.467:WARNING:pe_image_reader.cc(340)] could not read dos header from C:\Windows\SYSTEM32\sechost.dll
[0612/113800.467:ERROR:process_memory_win.cc(73)] ReadMemory at 0x7ffdf1100000 of 64 bytes failed: Only part of a ReadProcessMemory or WriteProcessMemory request was completed. (0x12B)
[0612/113800.467:WARNING:pe_image_reader.cc(340)] could not read dos header from C:\Windows\system32\RPCRT4.dll
[0612/113800.467:ERROR:process_memory_win.cc(73)] ReadMemory at 0x7ffdf08e0000 of 64 bytes failed: Only part of a ReadProcessMemory or WriteProcessMemory request was completed. (0x12B)
[0612/113800.467:WARNING:pe_image_reader.cc(340)] could not read dos header from C:\Windows\system32\SspiCli.dll
[0612/113800.467:ERROR:process_memory_win.cc(73)] ReadMemory at 0x7ffdce0f0000 of 64 bytes failed: Only part of a ReadProcessMemory or WriteProcessMemory request was completed. (0x12B)
[0612/113800.467:WARNING:pe_image_reader.cc(340)] could not read dos header from C:\Program Files (x86)\Google\Chrome\Application\83.0.4103.97\chrome.dll
[0612/113800.467:ERROR:process_memory_win.cc(73)] ReadMemory at 0x7ffdf2ee0000 of 64 bytes failed: Only part of a ReadProcessMemory or WriteProcessMemory request was completed. (0x12B)
[0612/113800.467:WARNING:pe_image_reader.cc(340)] could not read dos header from C:\Windows\system32\WS2_32.dll
[0612/113800.467:ERROR:process_memory_win.cc(73)] ReadMemory at 0x7ffdee130000 of 64 bytes failed: Only part of a ReadProcessMemory or WriteProcessMemory request was completed. (0x12B)
[0612/113800.467:WARNING:pe_image_reader.cc(340)] could not read dos header from C:\Windows\SYSTEM32\IPHLPAPI.DLL
[0612/113800.467:ERROR:process_memory_win.cc(73)] ReadMemory at 0x7ffdf1590000 of 64 bytes failed: Only part of a ReadProcessMemory or WriteProcessMemory request was completed. (0x12B)
[0612/113800.467:WARNING:pe_image_reader.cc(340)] could not read dos header from C:\Windows\system32\OLEAUT32.dll
[0612/113800.467:ERROR:process_memory_win.cc(73)] ReadMemory at 0x7ffdedf10000 of 64 bytes failed: Only part of a ReadProcessMemory or WriteProcessMemory request was completed. (0x12B)
[0612/113800.468:WARNING:pe_image_reader.cc(340)] could not read dos header from C:\Windows\SYSTEM32\WINMM.dll
[0612/113800.468:ERROR:process_memory_win.cc(73)] ReadMemory at 0x7ffde9610000 of 64 bytes failed: Only part of a ReadProcessMemory or WriteProcessMemory request was completed. (0x12B)
[0612/113800.468:WARNING:pe_image_reader.cc(340)] could not read dos header from C:\Windows\SYSTEM32\Secur32.dll
[0612/113800.468:ERROR:process_memory_win.cc(73)] ReadMemory at 0x7ffdefd20000 of 64 bytes failed: Only part of a ReadProcessMemory or WriteProcessMemory request was completed. (0x12B)
[0612/113800.468:WARNING:pe_image_reader.cc(340)] could not read dos header from C:\Windows\SYSTEM32\USERENV.dll
[0612/113800.468:ERROR:process_memory_win.cc(73)] ReadMemory at 0x7ffdf0a10000 of 64 bytes failed: Only part of a ReadProcessMemory or WriteProcessMemory request was completed. (0x12B)
[0612/113800.468:WARNING:pe_image_reader.cc(340)] could not read dos header from C:\Windows\system32\WINTRUST.dll
[0612/113800.468:ERROR:process_memory_win.cc(73)] ReadMemory at 0x7ffdeae10000 of 64 bytes failed: Only part of a ReadProcessMemory or WriteProcessMemory request was completed. (0x12B)
[0612/113800.468:WARNING:pe_image_reader.cc(340)] could not read dos header from C:\Windows\SYSTEM32\UIAutomationCore.DLL
[0612/113800.468:ERROR:process_memory_win.cc(73)] ReadMemory at 0x7ffdf0a70000 of 64 bytes failed: Only part of a ReadProcessMemory or WriteProcessMemory request was completed. (0x12B)
[0612/113800.468:WARNING:pe_image_reader.cc(340)] could not read dos header from C:\Windows\system32\CRYPT32.dll
[0612/113800.468:ERROR:process_memory_win.cc(73)] ReadMemory at 0x7ffdec250000 of 64 bytes failed: Only part of a ReadProcessMemory or WriteProcessMemory request was completed. (0x12B)
[0612/113800.468:WARNING:pe_image_reader.cc(340)] could not read dos header from C:\Windows\SYSTEM32\DWrite.dll
[0612/113800.468:ERROR:process_memory_win.cc(73)] ReadMemory at 0x7ffde4920000 of 64 bytes failed: Only part of a ReadProcessMemory or WriteProcessMemory request was completed. (0x12B)
[0612/113800.468:WARNING:pe_image_reader.cc(340)] could not read dos header from C:\Windows\SYSTEM32\WINSPOOL.DRV
[0612/113800.468:ERROR:process_memory_win.cc(73)] ReadMemory at 0x7ffde55c0000 of 64 bytes failed: Only part of a ReadProcessMemory or WriteProcessMemory request was completed. (0x12B)
[0612/113800.468:WARNING:pe_image_reader.cc(340)] could not read dos header from C:\Windows\SYSTEM32\dbghelp.dll
[0612/113800.468:ERROR:process_memory_win.cc(73)] ReadMemory at 0x7ffde91a0000 of 64 bytes failed: Only part of a ReadProcessMemory or WriteProcessMemory request was completed. (0x12B)
[0612/113800.468:WARNING:pe_image_reader.cc(340)] could not read dos header from C:\Windows\SYSTEM32\WINHTTP.dll
[0612/113800.468:ERROR:process_memory_win.cc(73)] ReadMemory at 0x7ffdeb4a0000 of 64 bytes failed: Only part of a ReadProcessMemory or WriteProcessMemory request was completed. (0x12B)
[0612/113800.468:WARNING:pe_image_reader.cc(340)] could not read dos header from C:\Windows\SYSTEM32\dhcpcsvc.DLL
[0612/113800.468:ERROR:process_memory_win.cc(73)] ReadMemory at 0x7ffdf0c50000 of 64 bytes failed: Only part of a ReadProcessMemory or WriteProcessMemory request was completed. (0x12B)
[0612/113800.468:WARNING:pe_image_reader.cc(340)] could not read dos header from C:\Windows\system32\NSI.dll
[0612/113800.468:ERROR:process_memory_win.cc(73)] ReadMemory at 0x7ffdee110000 of 64 bytes failed: Only part of a ReadProcessMemory or WriteProcessMemory request was completed. (0x12B)
[0612/113800.468:WARNING:pe_image_reader.cc(340)] could not read dos header from C:\Windows\SYSTEM32\WINNSI.DLL
[0612/113800.468:ERROR:process_memory_win.cc(73)] ReadMemory at 0x7ffdf3240000 of 64 bytes failed: Only part of a ReadProcessMemory or WriteProcessMemory request was completed. (0x12B)
[0612/113800.468:WARNING:pe_image_reader.cc(340)] could not read dos header from C:\Windows\system32\combase.dll
[0612/113800.468:ERROR:process_memory_win.cc(73)] ReadMemory at 0x7ffdec440000 of 64 bytes failed: Only part of a ReadProcessMemory or WriteProcessMemory request was completed. (0x12B)
[0612/113800.468:WARNING:pe_image_reader.cc(340)] could not read dos header from C:\Windows\SYSTEM32\WINMMBASE.dll
[0612/113800.468:ERROR:process_memory_win.cc(73)] ReadMemory at 0x7ffdf2d60000 of 64 bytes failed: Only part of a ReadProcessMemory or WriteProcessMemory request was completed. (0x12B)
[0612/113800.468:WARNING:pe_image_reader.cc(340)] could not read dos header from C:\Windows\system32\USER32.dll
[0612/113800.468:ERROR:process_memory_win.cc(73)] ReadMemory at 0x7ffdf06f0000 of 64 bytes failed: Only part of a ReadProcessMemory or WriteProcessMemory request was completed. (0x12B)
[0612/113800.468:WARNING:pe_image_reader.cc(340)] could not read dos header from C:\Windows\SYSTEM32\profapi.dll
[0612/113800.468:ERROR:process_memory_win.cc(73)] ReadMemory at 0x7ffdf07a0000 of 64 bytes failed: Only part of a ReadProcessMemory or WriteProcessMemory request was completed. (0x12B)
[0612/113800.468:WARNING:pe_image_reader.cc(340)] could not read dos header from C:\Windows\system32\MSASN1.dll
[0612/113800.468:ERROR:process_memory_win.cc(73)] ReadMemory at 0x7ffdf0910000 of 64 bytes failed: Only part of a ReadProcessMemory or WriteProcessMemory request was completed. (0x12B)
[0612/113800.469:WARNING:pe_image_reader.cc(340)] could not read dos header from C:\Windows\SYSTEM32\cfgmgr32.dll
[0612/113800.469:ERROR:process_memory_win.cc(73)] ReadMemory at 0x7ffdef510000 of 64 bytes failed: Only part of a ReadProcessMemory or WriteProcessMemory request was completed. (0x12B)
[0612/113800.469:WARNING:pe_image_reader.cc(340)] could not read dos header from C:\Windows\SYSTEM32\DEVOBJ.dll
[0612/113800.469:ERROR:process_memory_win.cc(73)] ReadMemory at 0x7ffdf2c10000 of 64 bytes failed: Only part of a ReadProcessMemory or WriteProcessMemory request was completed. (0x12B)
[0612/113800.469:WARNING:pe_image_reader.cc(340)] could not read dos header from C:\Windows\system32\GDI32.dll
[0612/113800.469:ERROR:process_memory_win.cc(73)] ReadMemory at 0x7ffdf0ef0000 of 64 bytes failed: Only part of a ReadProcessMemory or WriteProcessMemory request was completed. (0x12B)
[0612/113800.469:WARNING:pe_image_reader.cc(340)] could not read dos header from C:\Windows\system32\IMM32.DLL
[0612/113800.469:ERROR:process_memory_win.cc(73)] ReadMemory at 0x7ffdf3460000 of 64 bytes failed: Only part of a ReadProcessMemory or WriteProcessMemory request was completed. (0x12B)
[0612/113800.469:WARNING:pe_image_reader.cc(340)] could not read dos header from C:\Windows\system32\MSCTF.dll
[0612/113800.469:ERROR:process_memory_win.cc(73)] ReadMemory at 0x7ffdf05c0000 of 64 bytes failed: Only part of a ReadProcessMemory or WriteProcessMemory request was completed. (0x12B)
[0612/113800.469:WARNING:pe_image_reader.cc(340)] could not read dos header from C:\Windows\SYSTEM32\CRYPTBASE.DLL
[0612/113800.469:ERROR:process_memory_win.cc(73)] ReadMemory at 0x7ffdf0550000 of 64 bytes failed: Only part of a ReadProcessMemory or WriteProcessMemory request was completed. (0x12B)
[0612/113800.469:WARNING:pe_image_reader.cc(340)] could not read dos header from C:\Windows\SYSTEM32\bcryptPrimitives.dll
[0612/113800.480:ERROR:process_memory_win.cc(73)] ReadMemory at 0x57a023e000 of 73728 bytes failed: Only part of a ReadProcessMemory or WriteProcessMemory request was completed. (0x12B)
[0612/113800.481:ERROR:process_memory_win.cc(73)] ReadMemory at 0x57a2a5d000 of 12288 bytes failed: Only part of a ReadProcessMemory or WriteProcessMemory request was completed. (0x12B)
[0612/113800.481:ERROR:process_memory_win.cc(73)] ReadMemory at 0x57a3a5d000 of 12288 bytes failed: Only part of a ReadProcessMemory or WriteProcessMemory request was completed. (0x12B)
[0612/113800.481:ERROR:process_memory_win.cc(73)] ReadMemory at 0x57a425b000 of 20480 bytes failed: Only part of a ReadProcessMemory or WriteProcessMemory request was completed. (0x12B)
[0612/113800.481:ERROR:process_memory_win.cc(73)] ReadMemory at 0x57a4a5e000 of 8192 bytes failed: Only part of a ReadProcessMemory or WriteProcessMemory request was completed. (0x12B)
[0612/113800.481:ERROR:process_memory_win.cc(73)] ReadMemory at 0x57a525d000 of 12288 bytes failed: Only part of a ReadProcessMemory or WriteProcessMemory request was completed. (0x12B)
[0612/113800.481:ERROR:process_memory_win.cc(73)] ReadMemory at 0x57a5c5b000 of 20480 bytes failed: Only part of a ReadProcessMemory or WriteProcessMemory request was completed. (0x12B)
[0612/113800.481:ERROR:process_memory_win.cc(73)] ReadMemory at 0x57a745d000 of 12288 bytes failed: Only part of a ReadProcessMemory or WriteProcessMemory request was completed. (0x12B)
[0612/113800.481:ERROR:process_memory_win.cc(73)] ReadMemory at 0x57a7c53000 of 53248 bytes failed: Only part of a ReadProcessMemory or WriteProcessMemory request was completed. (0x12B)
[0612/113800.481:ERROR:process_memory_win.cc(73)] ReadMemory at 0x57a8453000 of 53248 bytes failed: Only part of a ReadProcessMemory or WriteProcessMemory request was completed. (0x12B)
[0612/113800.481:ERROR:process_memory_win.cc(73)] ReadMemory at 0x57a8e51000 of 61440 bytes failed: Only part of a ReadProcessMemory or WriteProcessMemory request was completed. (0x12B)
[0612/113800.481:ERROR:process_memory_win.cc(73)] ReadMemory at 0x57a645d000 of 12288 bytes failed: Only part of a ReadProcessMemory or WriteProcessMemory request was completed. (0x12B)
[0612/113800.482:ERROR:process_memory_win.cc(73)] ReadMemory at 0x57adbbd000 of 12288 bytes failed: Only part of a ReadProcessMemory or WriteProcessMemory request was completed. (0x12B)
[0612/113800.482:ERROR:process_memory_win.cc(73)] ReadMemory at 0x57ad3bf000 of 4096 bytes failed: Only part of a ReadProcessMemory or WriteProcessMemory request was completed. (0x12B)
[0612/113800.482:ERROR:process_memory_win.cc(73)] ReadMemory at 0x57a02d0720 of 144 bytes failed: Only part of a ReadProcessMemory or WriteProcessMemory request was completed. (0x12B)
[0612/113800.482:ERROR:process_memory_win.cc(73)] ReadMemory at 0x57a02d0860 of 17758 bytes failed: Only part of a ReadProcessMemory or WriteProcessMemory request was completed. (0x12B)
[0612/113800.482:ERROR:process_memory_win.cc(73)] ReadMemory at 0x57a02d4dd0 of 1012 bytes failed: Only part of a ReadProcessMemory or WriteProcessMemory request was completed. (0x12B)
[0612/113800.482:ERROR:process_memory_win.cc(73)] ReadMemory at 0x57a02d53e8 of 118 bytes failed: Only part of a ReadProcessMemory or WriteProcessMemory request was completed. (0x12B)
[0612/113800.482:ERROR:process_memory_win.cc(73)] ReadMemory at 0x57a02d5460 of 756 bytes failed: Only part of a ReadProcessMemory or WriteProcessMemory request was completed. (0x12B)
[0612/113800.482:ERROR:process_memory_win.cc(73)] ReadMemory at 0x57a02d5756 of 118 bytes failed: Only part of a ReadProcessMemory or WriteProcessMemory request was completed. (0x12B)
[0612/113800.482:ERROR:process_memory_win.cc(73)] ReadMemory at 0x57a02d57ce of 100 bytes failed: Only part of a ReadProcessMemory or WriteProcessMemory request was completed. (0x12B)
[0612/113800.482:ERROR:process_memory_win.cc(73)] ReadMemory at 0x57a02d5840 of 58 bytes failed: Only part of a ReadProcessMemory or WriteProcessMemory request was completed. (0x12B)
[0612/113800.482:ERROR:process_memory_win.cc(73)] ReadMemory at 0x57a02d5940 of 132 bytes failed: Only part of a ReadProcessMemory or WriteProcessMemory request was completed. (0x12B)
[0612/113800.482:ERROR:process_memory_win.cc(73)] ReadMemory at 0x57a02d5ac0 of 132 bytes failed: Only part of a ReadProcessMemory or WriteProcessMemory request was completed. (0x12B)
[0612/113800.482:ERROR:process_memory_win.cc(73)] ReadMemory at 0x57a02d5cd0 of 124 bytes failed: Only part of a ReadProcessMemory or WriteProcessMemory request was completed. (0x12B)
[0612/113800.482:ERROR:process_memory_win.cc(73)] ReadMemory at 0x57a02d5fc0 of 64 bytes failed: Only part of a ReadProcessMemory or WriteProcessMemory request was completed. (0x12B)
[0612/113800.482:ERROR:process_memory_win.cc(73)] ReadMemory at 0x57a02d6010 of 132 bytes failed: Only part of a ReadProcessMemory or WriteProcessMemory request was completed. (0x12B)
[0612/113800.530:ERROR:process_memory_win.cc(73)] ReadMemory at 0x57a02d62d0 of 152 bytes failed: Only part of a ReadProcessMemory or WriteProcessMemory request was completed. (0x12B)
[0612/113800.540:ERROR:process_memory_win.cc(73)] ReadMemory at 0x57a02d6380 of 68 bytes failed: Only part of a ReadProcessMemory or WriteProcessMemory request was completed. (0x12B)
[0612/113800.540:ERROR:process_memory_win.cc(73)] ReadMemory at 0x57a02d63d0 of 132 bytes failed: Only part of a ReadProcessMemory or WriteProcessMemory request was completed. (0x12B)
[0612/113800.540:ERROR:process_memory_win.cc(73)] ReadMemory at 0x57a02d7130 of 132 bytes failed: Only part of a ReadProcessMemory or WriteProcessMemory request was completed. (0x12B)
[0612/113800.594:ERROR:process_memory_win.cc(73)] ReadMemory at 0x57a02d72b0 of 132 bytes failed: Only part of a ReadProcessMemory or WriteProcessMemory request was completed. (0x12B)
[0612/113800.594:ERROR:process_memory_win.cc(73)] ReadMemory at 0x57a02d7ee0 of 62 bytes failed: Only part of a ReadProcessMemory or WriteProcessMemory request was completed. (0x12B)
[0612/113800.594:ERROR:process_memory_win.cc(73)] ReadMemory at 0x57a02d8080 of 54 bytes failed: Only part of a ReadProcessMemory or WriteProcessMemory request was completed. (0x12B)
[0612/113800.695:ERROR:process_memory_win.cc(73)] ReadMemory at 0x57a02d80c0 of 60 bytes failed: Only part of a ReadProcessMemory or WriteProcessMemory request was completed. (0x12B)
[0612/113800.695:ERROR:process_memory_win.cc(73)] ReadMemory at 0x57a02d8460 of 132 bytes failed: Only part of a ReadProcessMemory or WriteProcessMemory request was completed. (0x12B)
[0612/113800.695:ERROR:process_memory_win.cc(73)] ReadMemory at 0x57a02da4e0 of 132 bytes failed: Only part of a ReadProcessMemory or WriteProcessMemory request was completed. (0x12B)
[0612/113800.695:ERROR:process_memory_win.cc(73)] ReadMemory at 0x57a02da600 of 132 bytes failed: Only part of a ReadProcessMemory or WriteProcessMemory request was completed. (0x12B)
[0612/113800.695:ERROR:process_memory_win.cc(73)] ReadMemory at 0x57a02dcc40 of 132 bytes failed: Only part of a ReadProcessMemory or WriteProcessMemory request was completed. (0x12B)
[0612/113800.695:ERROR:process_memory_win.cc(73)] ReadMemory at 0x57a02dcd60 of 132 bytes failed: Only part of a ReadProcessMemory or WriteProcessMemory request was completed. (0x12B)
[0612/113800.695:ERROR:process_memory_win.cc(73)] ReadMemory at 0x57a02dd140 of 80 bytes failed: Only part of a ReadProcessMemory or WriteProcessMemory request was completed. (0x12B)
[0612/113800.695:ERROR:process_memory_win.cc(73)] ReadMemory at 0x57a02ddbd0 of 132 bytes failed: Only part of a ReadProcessMemory or WriteProcessMemory request was completed. (0x12B)
[0612/113800.695:ERROR:process_memory_win.cc(73)] ReadMemory at 0x57a02ddcf0 of 132 bytes failed: Only part of a ReadProcessMemory or WriteProcessMemory request was completed. (0x12B)
[0612/113800.695:ERROR:process_memory_win.cc(73)] ReadMemory at 0x57a02ddea0 of 62 bytes failed: Only part of a ReadProcessMemory or WriteProcessMemory request was completed. (0x12B)
[0612/113800.695:ERROR:process_memory_win.cc(73)] ReadMemory at 0x57a02ddef0 of 60 bytes failed: Only part of a ReadProcessMemory or WriteProcessMemory request was completed. (0x12B)
[0612/113800.695:ERROR:process_memory_win.cc(73)] ReadMemory at 0x57a02ddf40 of 58 bytes failed: Only part of a ReadProcessMemory or WriteProcessMemory request was completed. (0x12B)
[0612/113800.695:ERROR:process_memory_win.cc(73)] ReadMemory at 0x57a02ddf90 of 62 bytes failed: Only part of a ReadProcessMemory or WriteProcessMemory request was completed. (0x12B)
[0612/113800.695:ERROR:process_memory_win.cc(73)] ReadMemory at 0x57a02ddfe0 of 64 bytes failed: Only part of a ReadProcessMemory or WriteProcessMemory request was completed. (0x12B)
[0612/113800.695:ERROR:process_memory_win.cc(73)] ReadMemory at 0x57a02de030 of 64 bytes failed: Only part of a ReadProcessMemory or WriteProcessMemory request was completed. (0x12B)
[0612/113800.695:ERROR:process_memory_win.cc(73)] ReadMemory at 0x57a02de080 of 66 bytes failed: Only part of a ReadProcessMemory or WriteProcessMemory request was completed. (0x12B)
[0612/113800.813:ERROR:process_memory_win.cc(73)] ReadMemory at 0x57a02de0d0 of 60 bytes failed: Only part of a ReadProcessMemory or WriteProcessMemory request was completed. (0x12B)
[0612/113800.814:ERROR:process_memory_win.cc(73)] ReadMemory at 0x57a02de120 of 62 bytes failed: Only part of a ReadProcessMemory or WriteProcessMemory request was completed. (0x12B)
[0612/113800.814:ERROR:process_memory_win.cc(73)] ReadMemory at 0x57a02de170 of 62 bytes failed: Only part of a ReadProcessMemory or WriteProcessMemory request was completed. (0x12B)
[0612/113800.814:ERROR:process_memory_win.cc(73)] ReadMemory at 0x57a02de1c0 of 62 bytes failed: Only part of a ReadProcessMemory or WriteProcessMemory request was completed. (0x12B)
[0612/113800.814:ERROR:process_memory_win.cc(73)] ReadMemory at 0x57a02de210 of 64 bytes failed: Only part of a ReadProcessMemory or WriteProcessMemory request was completed. (0x12B)
[0612/113800.814:ERROR:process_memory_win.cc(73)] ReadMemory at 0x57a02de2b0 of 62 bytes failed: Only part of a ReadProcessMemory or WriteProcessMemory request was completed. (0x12B)
[0612/113800.836:ERROR:process_memory_win.cc(73)] ReadMemory at 0x57a02de300 of 62 bytes failed: Only part of a ReadProcessMemory or WriteProcessMemory request was completed. (0x12B)
[0612/113800.836:ERROR:process_memory_win.cc(73)] ReadMemory at 0x57a02de350 of 64 bytes failed: Only part of a ReadProcessMemory or WriteProcessMemory request was completed. (0x12B)
[0612/113800.836:ERROR:process_memory_win.cc(73)] ReadMemory at 0x57a02de3a0 of 60 bytes failed: Only part of a ReadProcessMemory or WriteProcessMemory request was completed. (0x12B)
[0612/113800.836:ERROR:process_memory_win.cc(73)] ReadMemory at 0x57a02de3f0 of 60 bytes failed: Only part of a ReadProcessMemory or WriteProcessMemory request was completed. (0x12B)
[0612/113800.836:ERROR:process_memory_win.cc(73)] ReadMemory at 0x57a02de440 of 62 bytes failed: Only part of a ReadProcessMemory or WriteProcessMemory request was completed. (0x12B)
[0612/113800.836:ERROR:process_memory_win.cc(73)] ReadMemory at 0x57a02de490 of 62 bytes failed: Only part of a ReadProcessMemory or WriteProcessMemory request was completed. (0x12B)
[0612/113800.836:ERROR:process_memory_win.cc(73)] ReadMemory at 0x57a02de4e0 of 60 bytes failed: Only part of a ReadProcessMemory or WriteProcessMemory request was completed. (0x12B)
[0612/113800.836:ERROR:process_memory_win.cc(73)] ReadMemory at 0x57a02de530 of 64 bytes failed: Only part of a ReadProcessMemory or WriteProcessMemory request was completed. (0x12B)
[0612/113800.836:ERROR:process_memory_win.cc(73)] ReadMemory at 0x57a02de580 of 64 bytes failed: Only part of a ReadProcessMemory or WriteProcessMemory request was completed. (0x12B)
[0612/113800.837:ERROR:process_memory_win.cc(73)] ReadMemory at 0x57a02de5d0 of 60 bytes failed: Only part of a ReadProcessMemory or WriteProcessMemory request was completed. (0x12B)
[0612/113800.837:ERROR:process_memory_win.cc(73)] ReadMemory at 0x57a02e0b90 of 132 bytes failed: Only part of a ReadProcessMemory or WriteProcessMemory request was completed. (0x12B)
[0612/113800.837:ERROR:process_memory_win.cc(73)] ReadMemory at 0x57a02e0cb0 of 132 bytes failed: Only part of a ReadProcessMemory or WriteProcessMemory request was completed. (0x12B)
[0612/113800.837:ERROR:process_memory_win.cc(73)] ReadMemory at 0x57a02e0dd0 of 132 bytes failed: Only part of a ReadProcessMemory or WriteProcessMemory request was completed. (0x12B)
[0612/113800.837:ERROR:process_memory_win.cc(73)] ReadMemory at 0x57a02e0ef0 of 132 bytes failed: Only part of a ReadProcessMemory or WriteProcessMemory request was completed. (0x12B)
[0612/113800.837:ERROR:process_memory_win.cc(73)] ReadMemory at 0x57a02e2770 of 132 bytes failed: Only part of a ReadProcessMemory or WriteProcessMemory request was completed. (0x12B)
[0612/113800.837:ERROR:process_memory_win.cc(73)] ReadMemory at 0x57a02e2890 of 132 bytes failed: Only part of a ReadProcessMemory or WriteProcessMemory request was completed. (0x12B)
[0612/113800.837:ERROR:process_memory_win.cc(73)] ReadMemory at 0x57a02e29b0 of 132 bytes failed: Only part of a ReadProcessMemory or WriteProcessMemory request was completed. (0x12B)
[0612/113800.837:ERROR:process_memory_win.cc(73)] ReadMemory at 0x57a02e2ad0 of 132 bytes failed: Only part of a ReadProcessMemory or WriteProcessMemory request was completed. (0x12B)
[0612/113800.837:ERROR:process_memory_win.cc(73)] ReadMemory at 0x57a02e2bf0 of 132 bytes failed: Only part of a ReadProcessMemory or WriteProcessMemory request was completed. (0x12B)
[0612/113800.837:ERROR:process_memory_win.cc(73)] ReadMemory at 0x57a02e2d10 of 132 bytes failed: Only part of a ReadProcessMemory or WriteProcessMemory request was completed. (0x12B)
[0612/113800.837:ERROR:process_memory_win.cc(73)] ReadMemory at 0x57a02e2e30 of 132 bytes failed: Only part of a ReadProcessMemory or WriteProcessMemory request was completed. (0x12B)
[0612/113800.837:ERROR:process_memory_win.cc(73)] ReadMemory at 0x57a02e2f50 of 132 bytes failed: Only part of a ReadProcessMemory or WriteProcessMemory request was completed. (0x12B)
[0612/113800.837:ERROR:process_memory_win.cc(73)] ReadMemory at 0x57a02e3070 of 132 bytes failed: Only part of a ReadProcessMemory or WriteProcessMemory request was completed. (0x12B)
[0612/113800.837:ERROR:process_memory_win.cc(73)] ReadMemory at 0x57a02e3190 of 132 bytes failed: Only part of a ReadProcessMemory or WriteProcessMemory request was completed. (0x12B)
[0612/113800.837:ERROR:process_memory_win.cc(73)] ReadMemory at 0x57a02e32b0 of 132 bytes failed: Only part of a ReadProcessMemory or WriteProcessMemory request was completed. (0x12B)
[0612/113800.837:ERROR:process_memory_win.cc(73)] ReadMemory at 0x57a02e33d0 of 132 bytes failed: Only part of a ReadProcessMemory or WriteProcessMemory request was completed. (0x12B)
[0612/113800.837:ERROR:process_memory_win.cc(73)] ReadMemory at 0x57a02e34f0 of 132 bytes failed: Only part of a ReadProcessMemory or WriteProcessMemory request was completed. (0x12B)
[0612/113800.837:ERROR:process_memory_win.cc(73)] ReadMemory at 0x57a02e44a0 of 80 bytes failed: Only part of a ReadProcessMemory or WriteProcessMemory request was completed. (0x12B)
[0612/113800.837:ERROR:process_memory_win.cc(73)] ReadMemory at 0x57a02e5800 of 132 bytes failed: Only part of a ReadProcessMemory or WriteProcessMemory request was completed. (0x12B)
[0612/113800.838:ERROR:process_memory_win.cc(73)] ReadMemory at 0x57a02e5920 of 132 bytes failed: Only part of a ReadProcessMemory or WriteProcessMemory request was completed. (0x12B)
[0612/113800.838:ERROR:process_memory_win.cc(73)] ReadMemory at 0x57a02e5a40 of 132 bytes failed: Only part of a ReadProcessMemory or WriteProcessMemory request was completed. (0x12B)
[0612/113800.838:ERROR:process_memory_win.cc(73)] ReadMemory at 0x57a02e5b60 of 132 bytes failed: Only part of a ReadProcessMemory or WriteProcessMemory request was completed. (0x12B)
[0612/113800.838:ERROR:process_memory_win.cc(73)] ReadMemory at 0x57a02e5da0 of 132 bytes failed: Only part of a ReadProcessMemory or WriteProcessMemory request was completed. (0x12B)
[0612/113800.838:ERROR:process_memory_win.cc(73)] ReadMemory at 0x57a02e6220 of 132 bytes failed: Only part of a ReadProcessMemory or WriteProcessMemory request was completed. (0x12B)
[0612/113800.838:ERROR:process_memory_win.cc(73)] ReadMemory at 0x57a02e6460 of 132 bytes failed: Only part of a ReadProcessMemory or WriteProcessMemory request was completed. (0x12B)
[0612/113800.838:ERROR:process_memory_win.cc(73)] ReadMemory at 0x57a02e67c0 of 132 bytes failed: Only part of a ReadProcessMemory or WriteProcessMemory request was completed. (0x12B)
[0612/113800.838:ERROR:process_memory_win.cc(73)] ReadMemory at 0x57a02e68e0 of 132 bytes failed: Only part of a ReadProcessMemory or WriteProcessMemory request was completed. (0x12B)
[0612/113800.838:ERROR:process_memory_win.cc(73)] ReadMemory at 0x57a02e6c40 of 132 bytes failed: Only part of a ReadProcessMemory or WriteProcessMemory request was completed. (0x12B)
[0612/113800.838:ERROR:process_memory_win.cc(73)] ReadMemory at 0x57a02e7b40 of 66 bytes failed: Only part of a ReadProcessMemory or WriteProcessMemory request was completed. (0x12B)
[0612/113800.838:ERROR:process_memory_win.cc(73)] ReadMemory at 0x57a02e7dc0 of 60 bytes failed: Only part of a ReadProcessMemory or WriteProcessMemory request was completed. (0x12B)
[0612/113800.838:ERROR:process_memory_win.cc(73)] ReadMemory at 0x57a02e7e10 of 58 bytes failed: Only part of a ReadProcessMemory or WriteProcessMemory request was completed. (0x12B)
[0612/113800.838:ERROR:process_memory_win.cc(73)] ReadMemory at 0x57a02e7eb0 of 64 bytes failed: Only part of a ReadProcessMemory or WriteProcessMemory request was completed. (0x12B)
[0612/113801.027:ERROR:process_memory_win.cc(73)] ReadMemory at 0x57a02e8040 of 58 bytes failed: Only part of a ReadProcessMemory or WriteProcessMemory request was completed. (0x12B)
[0612/113801.027:ERROR:process_memory_win.cc(73)] ReadMemory at 0x57a02e84a0 of 58 bytes failed: Only part of a ReadProcessMemory or WriteProcessMemory request was completed. (0x12B)
[0612/113801.027:ERROR:process_memory_win.cc(73)] ReadMemory at 0x57a02ecca0 of 896 bytes failed: Only part of a ReadProcessMemory or WriteProcessMemory request was completed. (0x12B)
[0612/113801.027:ERROR:process_memory_win.cc(73)] ReadMemory at 0x57a02ee0a0 of 512 bytes failed: Only part of a ReadProcessMemory or WriteProcessMemory request was completed. (0x12B)
[0612/113801.027:ERROR:process_memory_win.cc(73)] ReadMemory at 0x57a0500c40 of 704 bytes failed: Only part of a ReadProcessMemory or WriteProcessMemory request was completed. (0x12B)
[0612/113801.027:ERROR:process_memory_win.cc(73)] ReadMemory at 0x57a0c51618 of 512 bytes failed: Only part of a ReadProcessMemory or WriteProcessMemory request was completed. (0x12B)
[0612/113801.027:ERROR:process_memory_win.cc(73)] ReadMemory at 0x57a0c51fa0 of 512 bytes failed: Only part of a ReadProcessMemory or WriteProcessMemory request was completed. (0x12B)
[0612/113801.027:ERROR:process_memory_win.cc(73)] ReadMemory at 0x57a0c539e0 of 512 bytes failed: Only part of a ReadProcessMemory or WriteProcessMemory request was completed. (0x12B)
[0612/113801.027:ERROR:process_memory_win.cc(73)] ReadMemory at 0x57a0c658d0 of 512 bytes failed: Only part of a ReadProcessMemory or WriteProcessMemory request was completed. (0x12B)
[0612/113801.028:ERROR:process_memory_win.cc(73)] ReadMemory at 0x57a0c7df70 of 512 bytes failed: Only part of a ReadProcessMemory or WriteProcessMemory request was completed. (0x12B)
[0612/113801.028:ERROR:process_memory_win.cc(73)] ReadMemory at 0x57a0c7e1f0 of 512 bytes failed: Only part of a ReadProcessMemory or WriteProcessMemory request was completed. (0x12B)
[0612/113801.028:ERROR:process_memory_win.cc(73)] ReadMemory at 0x57a0c7ee40 of 712 bytes failed: Only part of a ReadProcessMemory or WriteProcessMemory request was completed. (0x12B)
[0612/113801.028:ERROR:process_memory_win.cc(73)] ReadMemory at 0x57a0c98ec0 of 512 bytes failed: Only part of a ReadProcessMemory or WriteProcessMemory request was completed. (0x12B)
[0612/113801.028:ERROR:process_memory_win.cc(73)] ReadMemory at 0x57a0c990d0 of 512 bytes failed: Only part of a ReadProcessMemory or WriteProcessMemory request was completed. (0x12B)
[0612/113801.028:ERROR:process_memory_win.cc(73)] ReadMemory at 0x57a0ce64a0 of 512 bytes failed: Only part of a ReadProcessMemory or WriteProcessMemory request was completed. (0x12B)
[0612/113801.028:ERROR:process_memory_win.cc(73)] ReadMemory at 0x57a0cede78 of 512 bytes failed: Only part of a ReadProcessMemory or WriteProcessMemory request was completed. (0x12B)
[0612/113801.028:ERROR:process_memory_win.cc(73)] ReadMemory at 0x57a0ceeee0 of 512 bytes failed: Only part of a ReadProcessMemory or WriteProcessMemory request was completed. (0x12B)
[0612/113801.028:ERROR:process_memory_win.cc(73)] ReadMemory at 0x57a0dfff80 of 512 bytes failed: Only part of a ReadProcessMemory or WriteProcessMemory request was completed. (0x12B)
[0612/113801.028:ERROR:process_memory_win.cc(73)] ReadMemory at 0x57a5263520 of 560 bytes failed: Only part of a ReadProcessMemory or WriteProcessMemory request was completed. (0x12B)
[0612/113801.028:ERROR:process_memory_win.cc(73)] ReadMemory at 0x57a5318b80 of 512 bytes failed: Only part of a ReadProcessMemory or WriteProcessMemory request was completed. (0x12B)
[0612/113801.028:ERROR:process_memory_win.cc(73)] ReadMemory at 0x57a9ae2dc0 of 512 bytes failed: Only part of a ReadProcessMemory or WriteProcessMemory request was completed. (0x12B)
[0612/113801.028:ERROR:process_memory_win.cc(73)] ReadMemory at 0x57aa4217c0 of 512 bytes failed: Only part of a ReadProcessMemory or WriteProcessMemory request was completed. (0x12B)
[0612/113801.028:ERROR:process_memory_win.cc(73)] ReadMemory at 0x57aba1e050 of 512 bytes failed: Only part of a ReadProcessMemory or WriteProcessMemory request was completed. (0x12B)
[0612/113801.028:ERROR:process_memory_win.cc(73)] ReadMemory at 0x57af6f98b0 of 512 bytes failed: Only part of a ReadProcessMemory or WriteProcessMemory request was completed. (0x12B)
[0612/113801.028:ERROR:process_memory_win.cc(73)] ReadMemory at 0x57afca9650 of 512 bytes failed: Only part of a ReadProcessMemory or WriteProcessMemory request was completed. (0x12B)
[0612/113801.028:ERROR:process_memory_win.cc(73)] ReadMemory at 0x57b4de7fc0 of 512 bytes failed: Only part of a ReadProcessMemory or WriteProcessMemory request was completed. (0x12B)
[0612/113801.028:ERROR:process_memory_win.cc(73)] ReadMemory at 0x57b4de9210 of 528 bytes failed: Only part of a ReadProcessMemory or WriteProcessMemory request was completed. (0x12B)
[0612/113801.028:ERROR:process_memory_win.cc(73)] ReadMemory at 0x57b9548fa0 of 512 bytes failed: Only part of a ReadProcessMemory or WriteProcessMemory request was completed. (0x12B)
[0612/113801.029:ERROR:process_memory_win.cc(73)] ReadMemory at 0x7ff67822e000 of 6024 bytes failed: Only part of a ReadProcessMemory or WriteProcessMemory request was completed. (0x12B)
[0612/113801.029:ERROR:process_memory_win.cc(73)] ReadMemory at 0x7ff678230000 of 6024 bytes failed: Only part of a ReadProcessMemory or WriteProcessMemory request was completed. (0x12B)
[0612/113801.029:ERROR:process_memory_win.cc(73)] ReadMemory at 0x7ff678232000 of 6024 bytes failed: Only part of a ReadProcessMemory or WriteProcessMemory request was completed. (0x12B)
[0612/113801.029:ERROR:process_memory_win.cc(73)] ReadMemory at 0x7ff678234000 of 6024 bytes failed: Only part of a ReadProcessMemory or WriteProcessMemory request was completed. (0x12B)
[0612/113801.029:ERROR:process_memory_win.cc(73)] ReadMemory at 0x7ff678236000 of 6024 bytes failed: Only part of a ReadProcessMemory or WriteProcessMemory request was completed. (0x12B)
[0612/113801.029:ERROR:process_memory_win.cc(73)] ReadMemory at 0x7ff678238000 of 6024 bytes failed: Only part of a ReadProcessMemory or WriteProcessMemory request was completed. (0x12B)
[0612/113801.029:ERROR:process_memory_win.cc(73)] ReadMemory at 0x7ff67823a000 of 6024 bytes failed: Only part of a ReadProcessMemory or WriteProcessMemory request was completed. (0x12B)
[0612/113801.029:ERROR:process_memory_win.cc(73)] ReadMemory at 0x7ff67823c000 of 6024 bytes failed: Only part of a ReadProcessMemory or WriteProcessMemory request was completed. (0x12B)
[0612/113801.029:ERROR:process_memory_win.cc(73)] ReadMemory at 0x7ff67823e000 of 6024 bytes failed: Only part of a ReadProcessMemory or WriteProcessMemory request was completed. (0x12B)
[0612/113801.029:ERROR:process_memory_win.cc(73)] ReadMemory at 0x7ff678364000 of 6024 bytes failed: Only part of a ReadProcessMemory or WriteProcessMemory request was completed. (0x12B)
[0612/113801.029:ERROR:process_memory_win.cc(73)] ReadMemory at 0x7ff678366000 of 6024 bytes failed: Only part of a ReadProcessMemory or WriteProcessMemory request was completed. (0x12B)
[0612/113801.029:ERROR:process_memory_win.cc(73)] ReadMemory at 0x7ff678368000 of 852 bytes failed: Only part of a ReadProcessMemory or WriteProcessMemory request was completed. (0x12B)
[0612/113801.029:ERROR:process_memory_win.cc(73)] ReadMemory at 0x7ff67836a000 of 6024 bytes failed: Only part of a ReadProcessMemory or WriteProcessMemory request was completed. (0x12B)
[0612/113801.029:ERROR:process_memory_win.cc(73)] ReadMemory at 0x7ff67836c000 of 6024 bytes failed: Only part of a ReadProcessMemory or WriteProcessMemory request was completed. (0x12B)
[0612/113801.029:ERROR:process_memory_win.cc(73)] ReadMemory at 0x7ff67836e000 of 6024 bytes failed: Only part of a ReadProcessMemory or WriteProcessMemory request was completed. (0x12B)
[0612/113801.030:ERROR:process_memory_win.cc(73)] ReadMemory at 0x7ffdce164561 of 512 bytes failed: Only part of a ReadProcessMemory or WriteProcessMemory request was completed. (0x12B)
[0612/113801.030:ERROR:process_memory_win.cc(73)] ReadMemory at 0x7ffdd4c2ef40 of 512 bytes failed: Only part of a ReadProcessMemory or WriteProcessMemory request was completed. (0x12B)
[0612/113801.030:ERROR:process_memory_win.cc(73)] ReadMemory at 0x7ffdd544a470 of 512 bytes failed: Only part of a ReadProcessMemory or WriteProcessMemory request was completed. (0x12B)
[0612/113801.030:ERROR:process_memory_win.cc(73)] ReadMemory at 0x7ffddff179a5 of 512 bytes failed: Only part of a ReadProcessMemory or WriteProcessMemory request was completed. (0x12B)
[0612/113801.030:ERROR:process_memory_win.cc(73)] ReadMemory at 0x7ffddff18180 of 512 bytes failed: Only part of a ReadProcessMemory or WriteProcessMemory request was completed. (0x12B)
[0612/113801.030:ERROR:process_memory_win.cc(73)] ReadMemory at 0x7ffdf35c95d0 of 18 bytes failed: Only part of a ReadProcessMemory or WriteProcessMemory request was completed. (0x12B)
[0612/113801.030:ERROR:process_memory_win.cc(73)] ReadMemory at 0x7ffdf35dc4d0 of 512 bytes failed: Only part of a ReadProcessMemory or WriteProcessMemory request was completed. (0x12B)
[0612/113801.030:ERROR:process_memory_win.cc(73)] ReadMemory at 0x7ffdf35f569b of 512 bytes failed: Only part of a ReadProcessMemory or WriteProcessMemory request was completed. (0x12B)
[0612/113801.030:ERROR:process_memory_win.cc(73)] ReadMemory at 0x7ffdf35fac70 of 512 bytes failed: Only part of a ReadProcessMemory or WriteProcessMemory request was completed. (0x12B)
[0612/113801.030:ERROR:process_memory_win.cc(73)] ReadMemory at 0x7ffdf365067a of 592 bytes failed: Only part of a ReadProcessMemory or WriteProcessMemory request was completed. (0x12B)
[0612/113801.030:ERROR:process_memory_win.cc(73)] ReadMemory at 0x7ffdf36520fa of 560 bytes failed: Only part of a ReadProcessMemory or WriteProcessMemory request was completed. (0x12B)
[0612/113801.030:ERROR:process_memory_win.cc(73)] ReadMemory at 0x7ffdf36ee8a8 of 40 bytes failed: Only part of a ReadProcessMemory or WriteProcessMemory request was completed. (0x12B)
[0612/113801.030:ERROR:process_memory_win.cc(73)] ReadMemory at 0x7ffdf36eeb00 of 512 bytes failed: Only part of a ReadProcessMemory or WriteProcessMemory request was completed. (0x12B)
[0612/113801.030:ERROR:process_memory_win.cc(73)] ReadMemory at 0x7ffdf36f1320 of 64 bytes failed: Only part of a ReadProcessMemory or WriteProcessMemory request was completed. (0x12B)
[0612/113801.032:ERROR:scoped_process_suspend.cc(40)] NtResumeProcess: An attempt was made to access an exiting process. (0xc000010a)
[0613/074730.725:ERROR:process_reader_win.cc(123)] NtOpenThread: {Access Denied} A process has requested access to an object, but has not been granted those access rights. (0xc0000022)
[0613/074730.854:ERROR:exception_snapshot_win.cc(98)] thread ID 5368 not found in process
